
1000000
2000000
3000000
4000000
5000000
6000000
7000000
8000000
9000000
10000000
11000000
12000000
13000000
14000000
15000000
16000000
17000000
[ 1574.672023] oom-kill:constraint=CONSTRAINT_NONE,nodemask=(null),cpuset=/,mems_allowed=0,global_oom,task_memcg=/user.slice/user-1000.slice/user@1000.service,task=mem.bash,pid=2949,uid=1000
[ 1574.672032] Out of memory: Killed process 2949 (mem.bash) total-vm:2756552kB, anon-rss:2744860kB, file-rss:0kB, shmem-rss:0kB, UID:1000 pgtables:5440kB oom_score_adj:0
[ 1574.938680] oom_reaper: reaped process 2949 (mem.bash), now anon-rss:0kB, file-rss:0kB, shmem-rss:0kB
[ 3472.183640] [   3564]  1000  3564   338150   335831  2740224        0             0 mem.bash
