
1000000
2000000
3000000
4000000
5000000
6000000
7000000
8000000
9000000
10000000
11000000
12000000
13000000
14000000
15000000
16000000
17000000
18000000
19000000
20000000
21000000
22000000
23000000
24000000
25000000
26000000
27000000
28000000
29000000
30000000
31000000
32000000
33000000
34000000
[ 3472.183642] [   3565]  1000  3565   335741   333441  2727936        0             0 mem2.bash
[ 3517.381481] oom-kill:constraint=CONSTRAINT_NONE,nodemask=(null),cpuset=/,mems_allowed=0,global_oom,task_memcg=/user.slice/user-1000.slice/user@1000.service,task=mem2.bash,pid=3565,uid=1000
[ 3517.381505] Out of memory: Killed process 3565 (mem2.bash) total-vm:2708108kB, anon-rss:2692572kB, file-rss:0kB, shmem-rss:0kB, UID:1000 pgtables:5336kB oom_score_adj:0
[ 3517.601111] oom_reaper: reaped process 3565 (mem2.bash), now anon-rss:0kB, file-rss:0kB, shmem-rss:0kB


